\BOOKMARK [0][-]{chapter.1}{Introduction}{}
\BOOKMARK [1][-]{section.1.1}{The KOW Framework}{chapter.1}
\BOOKMARK [1][-]{section.1.2}{Rationale}{chapter.1}
\BOOKMARK [1][-]{section.1.3}{Implementation goals}{chapter.1}
\BOOKMARK [1][-]{section.1.4}{Supported OS}{chapter.1}
\BOOKMARK [0][-]{chapter.2}{Getting the library}{}
\BOOKMARK [1][-]{section.2.1}{Compiling}{chapter.2}
\BOOKMARK [1][-]{section.2.2}{Installing}{chapter.2}
\BOOKMARK [2][-]{subsection.2.2.1}{Short Version}{section.2.2}
\BOOKMARK [0][-]{chapter.3}{Source Code Organization}{}
\BOOKMARK [0][-]{chapter.4}{Package Documentation}{}
\BOOKMARK [1][-]{section.4.1}{Calendar Functions}{chapter.4}
\BOOKMARK [1][-]{section.4.2}{File System Operations}{chapter.4}
\BOOKMARK [1][-]{section.4.3}{Dynamic Libraries Handling}{chapter.4}
\BOOKMARK [1][-]{section.4.4}{Locales}{chapter.4}
\BOOKMARK [1][-]{section.4.5}{Basic Logging}{chapter.4}
\BOOKMARK [1][-]{section.4.6}{String variables}{chapter.4}
\BOOKMARK [1][-]{section.4.7}{String Utilities}{chapter.4}
\BOOKMARK [1][-]{section.4.8}{Wide String Utilities}{chapter.4}
\BOOKMARK [1][-]{section.4.9}{Containers}{chapter.4}
